<?xml version="1.0" encoding="UTF-8" ?>
<testsuite failures="0" time="0.219" errors="0" skipped="0" tests="2" name="test.utils.TestConvertUtils">
  <properties>
    <property name="java.runtime.name" value="Java(TM) SE Runtime Environment"/>
    <property name="sun.boot.library.path" value="F:\develop\java\jre\bin"/>
    <property name="java.vm.version" value="17.1-b03"/>
    <property name="java.vm.vendor" value="Sun Microsystems Inc."/>
    <property name="java.vendor.url" value="http://java.sun.com/"/>
    <property name="path.separator" value=";"/>
    <property name="java.vm.name" value="Java HotSpot(TM) Client VM"/>
    <property name="file.encoding.pkg" value="sun.io"/>
    <property name="user.country" value="CN"/>
    <property name="sun.java.launcher" value="SUN_STANDARD"/>
    <property name="sun.os.patch.level" value=""/>
    <property name="java.vm.specification.name" value="Java Virtual Machine Specification"/>
    <property name="user.dir" value="F:\develop\workspace\firefly-common"/>
    <property name="java.runtime.version" value="1.6.0_22-b04"/>
    <property name="java.awt.graphicsenv" value="sun.awt.Win32GraphicsEnvironment"/>
    <property name="basedir" value="F:\develop\workspace\firefly-common"/>
    <property name="java.endorsed.dirs" value="F:\develop\java\jre\lib\endorsed"/>
    <property name="os.arch" value="x86"/>
    <property name="surefire.real.class.path" value="F:\develop\workspace\firefly-common\target\surefire\surefirebooter3208047135522172842.jar"/>
    <property name="java.io.tmpdir" value="C:\Users\alvinqiu\AppData\Local\Temp\"/>
    <property name="line.separator" value="
"/>
    <property name="java.vm.specification.vendor" value="Sun Microsystems Inc."/>
    <property name="user.variant" value=""/>
    <property name="os.name" value="Windows 7"/>
    <property name="sun.jnu.encoding" value="GBK"/>
    <property name="java.library.path" value="F:\develop\java\jre\bin;.;C:\Windows\Sun\Java\bin;C:\Windows\system32;C:\Windows;F:/develop/jre/bin/client;F:/develop/jre/bin;F:/develop/jre/lib/i386;C:\Program Files\CollabNet\Subversion Client;C:\Windows\system32;C:\Windows;C:\Windows\System32\Wbem;C:\Windows\System32\WindowsPowerShell\v1.0\;F:\develop\java\bin;F:\develop\apache-maven\bin;D:\Program Files\MySQL\MySQL Server 5.1\bin;F:\develop\apache-ant-1.8.2\bin;C:\Program Files\TortoiseSVN\bin;C:\Program Files\QuickTime\QTSystem\;C:\Program Files\Tencent\QQPCMgr\6.6.2136.201;C:\Program Files\Tencent\QQPCMgr\6.6.2136.201;F:\develop\eclipse-jee-indigo-win32\eclipse;"/>
    <property name="surefire.test.class.path" value="F:\develop\workspace\firefly-common\target\test-classes;F:\develop\workspace\firefly-common\target\classes;F:\develop\apache-maven\maven_repository\junit\junit\4.8.1\junit-4.8.1.jar;F:\develop\apache-maven\maven_repository\org\hamcrest\hamcrest-all\1.1\hamcrest-all-1.1.jar;"/>
    <property name="java.specification.name" value="Java Platform API Specification"/>
    <property name="java.class.version" value="50.0"/>
    <property name="sun.management.compiler" value="HotSpot Client Compiler"/>
    <property name="os.version" value="6.1"/>
    <property name="user.home" value="C:\Users\alvinqiu"/>
    <property name="user.timezone" value=""/>
    <property name="java.awt.printerjob" value="sun.awt.windows.WPrinterJob"/>
    <property name="java.specification.version" value="1.6"/>
    <property name="file.encoding" value="GBK"/>
    <property name="user.name" value="alvinqiu"/>
    <property name="java.class.path" value="F:\develop\workspace\firefly-common\target\test-classes;F:\develop\workspace\firefly-common\target\classes;F:\develop\apache-maven\maven_repository\junit\junit\4.8.1\junit-4.8.1.jar;F:\develop\apache-maven\maven_repository\org\hamcrest\hamcrest-all\1.1\hamcrest-all-1.1.jar;"/>
    <property name="java.vm.specification.version" value="1.0"/>
    <property name="sun.arch.data.model" value="32"/>
    <property name="java.home" value="F:\develop\java\jre"/>
    <property name="java.specification.vendor" value="Sun Microsystems Inc."/>
    <property name="user.language" value="zh"/>
    <property name="awt.toolkit" value="sun.awt.windows.WToolkit"/>
    <property name="java.vm.info" value="mixed mode, sharing"/>
    <property name="java.version" value="1.6.0_22"/>
    <property name="java.ext.dirs" value="F:\develop\java\jre\lib\ext;C:\Windows\Sun\Java\lib\ext"/>
    <property name="sun.boot.class.path" value="F:\develop\java\jre\lib\resources.jar;F:\develop\java\jre\lib\rt.jar;F:\develop\java\jre\lib\sunrsasign.jar;F:\develop\java\jre\lib\jsse.jar;F:\develop\java\jre\lib\jce.jar;F:\develop\java\jre\lib\charsets.jar;F:\develop\java\jre\classes"/>
    <property name="java.vendor" value="Sun Microsystems Inc."/>
    <property name="localRepository" value="F:\develop\apache-maven\maven_repository"/>
    <property name="file.separator" value="\"/>
    <property name="java.vendor.url.bug" value="http://java.sun.com/cgi-bin/bugreport.cgi"/>
    <property name="sun.cpu.endian" value="little"/>
    <property name="sun.io.unicode.encoding" value="UnicodeLittle"/>
    <property name="sun.desktop" value="windows"/>
    <property name="sun.cpu.isalist" value=""/>
  </properties>
  <testcase time="0.155" classname="test.utils.TestConvertUtils" name="testConvertArray"/>
  <testcase time="0.023" classname="test.utils.TestConvertUtils" name="testAutoConvertLong"/>
</testsuite>